--2014-02-26 09:43:04--  http://planitroad.bureauco.com/UAT/Temp_Image/download_test_small.png
Resolving planitroad.bureauco.com (planitroad.bureauco.com)... 103.5.80.11
Connecting to planitroad.bureauco.com (planitroad.bureauco.com)|103.5.80.11|:80... connected.
HTTP request sent, awaiting response... 200 OK
Length: 854717 (835K) [image/png]
Saving to: ‘download_test_small.png’

     0K .......... .......... .......... .......... ..........  5% 69.3K 11s
    50K .......... .......... .......... .......... .......... 11% 15.6K 29s
   100K .......... .......... .......... .......... .......... 17% 11.4K 38s
   150K .......... .......... .......... .......... .......... 23% 9.07K 44s
   200K .......... .......... .......... .......... .......... 29% 31.5K 36s
   250K .......... .......... .......... .......... .......... 35%  267K 28s
   300K .......... .......... .......... .......... .......... 41% 27.9K 24s
   350K .......... .......... .......... .......... .......... 47% 51.3K 20s
   400K .......... .......... .......... .......... .......... 53% 39.1K 17s
   450K .......... .......... .......... .......... .......... 59% 77.0K 14s
   500K .......... .......... .......... .......... .......... 65% 98.1K 11s
   550K .......... .......... .......... .......... .......... 71% 16.1K 9s
   600K .......... .......... .......... .......... .......... 77% 16.0K 8s
   650K .......... .......... .......... .......... .......... 83%  115K 5s
   700K .......... .......... .......... .......... .......... 89% 53.8K 3s
   750K .......... .......... .......... .......... .......... 95% 51.0K 1s
   800K .......... .......... .......... ....                 100%  165K=30s

2014-02-26 09:43:34 (28.2 KB/s) - ‘download_test_small.png’ saved [854717/854717]

